********************************************************************************
DUPLICATOR-LITE PACKAGE-LOG: October 22, 2021 9:49 am
NOTICE: Do NOT post to public sites or forums 
********************************************************************************
VERSION:	1.4.3
WORDPRESS:	5.8.1
PHP INFO:	7.4.23 | SAPI: litespeed
SERVER:		Apache 
PHP TIME LIMIT: (0) no time limit imposed 
PHP MAX MEMORY: 4294967296 (128M default) 
MEMORY STACK: 6MB
[CTRL DUP ARCIVE] PACKAGE AS NEW ID 1 SAVED | STATUS:0
[DUP ARCHIVE] BUILDING DATABASE

********************************************************************************
DATABASE:
********************************************************************************
BUILD MODE:   MYSQLDUMP
MYSQLTIMEOUT: 5000
MYSQLDUMP:    Is Supported
SQL CREATED: 20211022_myratingbud_5c91bd9d2a7966734218_20211022094939_database.sql
SQL FILE SIZE: 3.5MB (3664866)
SQL FILE TIME: 2021-10-22 09:49:46
SQL RUNTIME: 0.19 sec.
[DUP ARCHIVE] VALIDATING DATABASE
[DUP ARCHIVE] DONE DATABASE

********************************************************************************
ARCHIVE Type=DUP Mode=DupArchive
********************************************************************************
ARCHIVE DIR:  /home/scgmf4urg2is/public_html/nikul/mrb
ARCHIVE FILE: 20211022_myratingbud_5c91bd9d2a7966734218_20211022094939_archive.daf
FILTERS: *OFF*
DIRS:
	not set
FILES:
	not set
EXTS:  not set
----------------------------------------
COMPRESSING
SIZE:	202.11MB
STATS:	Dirs 1,311 | Files 11,315 | Total 12,626
[DUP ARCHIVE] DONE ARCHIVE
[DUP ARCHIVE] DONE ARCHIVE
building installer
add_extra_files1
add_extra_files2
add_extra_files3
add_extra_files4
Doing archive file check
add_extra_files5
add_extra_files6
add_extra_files7
add_extra_files_using_da1
Adding enhanced installer files to archive using DupArchive
[DUP ARCHIVE] DONE ARCHIVE
COMPRESSED SIZE: 83.34MB
ARCHIVE RUNTIME: 20.82 sec.
MEMORY STACK: 12MB
CREATE WARNINGS: No warnings.
VALIDATION WARNINGS: No warnings.
[DUP ARCHIVE] DONE ARCHIVE
[DUP ARCHIVE] HAS COMPLETED CLOSING
[DUP ARCHIVE] DUP ARCHIVE INTEGRITY CHECK

********************************************************************************
INTEGRITY CHECKS:
********************************************************************************
SQL FILE: 3.5MB
INSTALLER FILE: 78.13KB
ARCHIVE FILE: 83.34MB 
EXPECTED FILE/DIRECTORY COUNT: 12,816
ACTUAL FILE/DIRECTORY COUNT: 12,816

********************************************************************************
RECORD ID:[1]
TOTAL PROCESS RUNTIME: 20.83 sec.
PEAK PHP MEMORY USED: 12MB
DONE PROCESSING => 20211022_myratingbud 2021-10-22 09:50:06

